<?xml version="1.0" encoding="UTF-8"?>
<!-- Generated by org.testng.reporters.JUnitXMLReporter -->
<testsuite ignored="4" hostname="Vinu_VJ" failures="0" tests="9" name="Regression" time="0.177" errors="0" timestamp="2026-07-13T16:08:56 EDT">
  <testcase classname="test.Day1" name="Demo" time="0.004"/>
  <testcase classname="test.Day1" name="SecondTest" time="0.001"/>
  <testcase classname="test.Day4" name="LoginAPIHomeLoan" time="0.001"/>
  <testcase classname="test.Day4" name="WebloginHomeLoan" time="0.003"/>
  <testcase classname="test.Day3" name="MobilesignoutcarLoan" time="0.007"/>
  <testcase classname="test.Day3" name="MobilesignoutcarLoan" time="0.004"/>
  <testcase classname="test.Day3" name="MobilesignoutcarLoan" time="0.006"/>
  <testcase classname="test.Day3" name="WebloginCarLoan" time="0.004"/>
  <testcase classname="test.Day3" name="APIcarLoan" time="0.001"/>
  <testcase classname="test.Day2" name="ploan" time="0.0">
    <ignored/>
  </testcase> <!-- ploan -->
  <testcase classname="test.Day4" name="MobileLoginHomeLoan" time="0.0">
    <ignored/>
  </testcase> <!-- MobileLoginHomeLoan -->
  <testcase classname="test.Day3" name="MobileLogincarLoan" time="0.0">
    <ignored/>
  </testcase> <!-- MobileLogincarLoan -->
  <testcase classname="test.Day3" name="MobilesignimcarLoan" time="0.0">
    <ignored/>
  </testcase> <!-- MobilesignimcarLoan -->
</testsuite> <!-- Regression -->
