<?xml version="1.0" encoding="UTF-8"?>
<testng-results ignored="4" total="13" passed="9" failed="0" skipped="0">
  <reporter-output>
  </reporter-output>
  <suite started-at="2026-07-13T16:08:56 EDT" name="Loan Department" finished-at="2026-07-13T16:08:56 EDT" duration-ms="177">
    <groups>
    </groups>
    <test started-at="2026-07-13T16:08:56 EDT" name="Regression" finished-at="2026-07-13T16:08:56 EDT" duration-ms="177">
      <class name="test.Day1">
        <test-method signature="Demo()[pri:0, instance:test.Day1@1dde4cb2]" started-at="2026-07-13T16:08:56 EDT" name="Demo" finished-at="2026-07-13T16:08:56 EDT" duration-ms="4" status="PASS">
          <reporter-output>
          </reporter-output>
        </test-method> <!-- Demo -->
        <test-method signature="SecondTest()[pri:0, instance:test.Day1@1dde4cb2]" started-at="2026-07-13T16:08:56 EDT" name="SecondTest" finished-at="2026-07-13T16:08:56 EDT" duration-ms="1" status="PASS">
          <reporter-output>
          </reporter-output>
        </test-method> <!-- SecondTest -->
        <test-method is-config="true" signature="lastexecution()[pri:0, instance:test.Day1@1dde4cb2]" started-at="2026-07-13T16:08:56 EDT" name="lastexecution" finished-at="2026-07-13T16:08:56 EDT" duration-ms="2" status="PASS">
          <reporter-output>
          </reporter-output>
        </test-method> <!-- lastexecution -->
        <test-method is-config="true" signature="afSyite()[pri:0, instance:test.Day1@1dde4cb2]" started-at="2026-07-13T16:08:56 EDT" name="afSyite" finished-at="2026-07-13T16:08:56 EDT" duration-ms="1" status="PASS">
          <reporter-output>
          </reporter-output>
        </test-method> <!-- afSyite -->
      </class> <!-- test.Day1 -->
      <class name="test.Day2">
        <test-method is-config="true" signature="prerequiste()[pri:0, instance:test.Day2@1ab3a8c8]" started-at="2026-07-13T16:08:56 EDT" name="prerequiste" finished-at="2026-07-13T16:08:56 EDT" duration-ms="1" status="PASS">
          <reporter-output>
          </reporter-output>
        </test-method> <!-- prerequiste -->
      </class> <!-- test.Day2 -->
      <class name="test.Day3">
        <test-method is-config="true" signature="Bfsuite()[pri:0, instance:test.Day3@42e99e4a]" started-at="2026-07-13T16:08:55 EDT" name="Bfsuite" finished-at="2026-07-13T16:08:56 EDT" duration-ms="133" status="PASS">
          <reporter-output>
          </reporter-output>
        </test-method> <!-- Bfsuite -->
        <test-method is-config="true" signature="befoclas()[pri:0, instance:test.Day3@42e99e4a]" started-at="2026-07-13T16:08:56 EDT" name="befoclas" finished-at="2026-07-13T16:08:56 EDT" duration-ms="3" status="PASS">
          <reporter-output>
          </reporter-output>
        </test-method> <!-- befoclas -->
        <test-method is-config="true" signature="beforeevery()[pri:0, instance:test.Day3@42e99e4a]" started-at="2026-07-13T16:08:56 EDT" name="beforeevery" finished-at="2026-07-13T16:08:56 EDT" duration-ms="1" status="PASS">
          <reporter-output>
          </reporter-output>
        </test-method> <!-- beforeevery -->
        <test-method signature="MobilesignoutcarLoan(java.lang.String,java.lang.String)[pri:0, instance:test.Day3@42e99e4a]" started-at="2026-07-13T16:08:56 EDT" name="MobilesignoutcarLoan" data-provider="getData" finished-at="2026-07-13T16:08:56 EDT" duration-ms="7" status="PASS">
          <params>
            <param index="0">
              <value>
                <![CDATA[firstsetusername]]>
              </value>
            </param>
            <param index="1">
              <value>
                <![CDATA[firstpassword]]>
              </value>
            </param>
          </params>
          <reporter-output>
          </reporter-output>
        </test-method> <!-- MobilesignoutcarLoan -->
        <test-method is-config="true" signature="afterevery()[pri:0, instance:test.Day3@42e99e4a]" started-at="2026-07-13T16:08:56 EDT" name="afterevery" finished-at="2026-07-13T16:08:56 EDT" duration-ms="14" status="PASS">
          <reporter-output>
          </reporter-output>
        </test-method> <!-- afterevery -->
        <test-method is-config="true" signature="beforeevery()[pri:0, instance:test.Day3@42e99e4a]" started-at="2026-07-13T16:08:56 EDT" name="beforeevery" finished-at="2026-07-13T16:08:56 EDT" duration-ms="1" status="PASS">
          <reporter-output>
          </reporter-output>
        </test-method> <!-- beforeevery -->
        <test-method signature="MobilesignoutcarLoan(java.lang.String,java.lang.String)[pri:0, instance:test.Day3@42e99e4a]" started-at="2026-07-13T16:08:56 EDT" name="MobilesignoutcarLoan" data-provider="getData" finished-at="2026-07-13T16:08:56 EDT" duration-ms="4" status="PASS">
          <params>
            <param index="0">
              <value>
                <![CDATA[secondsetusername]]>
              </value>
            </param>
            <param index="1">
              <value>
                <![CDATA[secondpassword]]>
              </value>
            </param>
          </params>
          <reporter-output>
          </reporter-output>
        </test-method> <!-- MobilesignoutcarLoan -->
        <test-method is-config="true" signature="afterevery()[pri:0, instance:test.Day3@42e99e4a]" started-at="2026-07-13T16:08:56 EDT" name="afterevery" finished-at="2026-07-13T16:08:56 EDT" duration-ms="4" status="PASS">
          <reporter-output>
          </reporter-output>
        </test-method> <!-- afterevery -->
        <test-method is-config="true" signature="beforeevery()[pri:0, instance:test.Day3@42e99e4a]" started-at="2026-07-13T16:08:56 EDT" name="beforeevery" finished-at="2026-07-13T16:08:56 EDT" duration-ms="0" status="PASS">
          <reporter-output>
          </reporter-output>
        </test-method> <!-- beforeevery -->
        <test-method signature="MobilesignoutcarLoan(java.lang.String,java.lang.String)[pri:0, instance:test.Day3@42e99e4a]" started-at="2026-07-13T16:08:56 EDT" name="MobilesignoutcarLoan" data-provider="getData" finished-at="2026-07-13T16:08:56 EDT" duration-ms="6" status="PASS">
          <params>
            <param index="0">
              <value>
                <![CDATA[thirdsetusername]]>
              </value>
            </param>
            <param index="1">
              <value>
                <![CDATA[thirdpassword]]>
              </value>
            </param>
          </params>
          <reporter-output>
          </reporter-output>
        </test-method> <!-- MobilesignoutcarLoan -->
        <test-method is-config="true" signature="afterevery()[pri:0, instance:test.Day3@42e99e4a]" started-at="2026-07-13T16:08:56 EDT" name="afterevery" finished-at="2026-07-13T16:08:56 EDT" duration-ms="2" status="PASS">
          <reporter-output>
          </reporter-output>
        </test-method> <!-- afterevery -->
        <test-method is-config="true" signature="beforeevery()[pri:0, instance:test.Day3@42e99e4a]" started-at="2026-07-13T16:08:56 EDT" name="beforeevery" finished-at="2026-07-13T16:08:56 EDT" duration-ms="1" status="PASS">
          <reporter-output>
          </reporter-output>
        </test-method> <!-- beforeevery -->
        <test-method signature="WebloginCarLoan(java.lang.String,java.lang.String)[pri:0, instance:test.Day3@42e99e4a]" started-at="2026-07-13T16:08:56 EDT" name="WebloginCarLoan" finished-at="2026-07-13T16:08:56 EDT" duration-ms="4" status="PASS">
          <params>
            <param index="0">
              <value>
                <![CDATA[https://example.com]]>
              </value>
            </param>
            <param index="1">
              <value>
                <![CDATA[dummyKey]]>
              </value>
            </param>
          </params>
          <reporter-output>
          </reporter-output>
        </test-method> <!-- WebloginCarLoan -->
        <test-method is-config="true" signature="afterevery()[pri:0, instance:test.Day3@42e99e4a]" started-at="2026-07-13T16:08:56 EDT" name="afterevery" finished-at="2026-07-13T16:08:56 EDT" duration-ms="2" status="PASS">
          <reporter-output>
          </reporter-output>
        </test-method> <!-- afterevery -->
        <test-method is-config="true" signature="beforeevery()[pri:0, instance:test.Day3@42e99e4a]" started-at="2026-07-13T16:08:56 EDT" name="beforeevery" finished-at="2026-07-13T16:08:56 EDT" duration-ms="0" status="PASS">
          <reporter-output>
          </reporter-output>
        </test-method> <!-- beforeevery -->
        <test-method signature="APIcarLoan()[pri:0, instance:test.Day3@42e99e4a]" started-at="2026-07-13T16:08:56 EDT" name="APIcarLoan" finished-at="2026-07-13T16:08:56 EDT" depends-on-methods="test.Day3.WebloginCarLoan, test.Day3.MobilesignoutcarLoan" duration-ms="1" status="PASS">
          <reporter-output>
          </reporter-output>
        </test-method> <!-- APIcarLoan -->
        <test-method is-config="true" signature="afterevery()[pri:0, instance:test.Day3@42e99e4a]" started-at="2026-07-13T16:08:56 EDT" name="afterevery" finished-at="2026-07-13T16:08:56 EDT" duration-ms="1" status="PASS">
          <reporter-output>
          </reporter-output>
        </test-method> <!-- afterevery -->
        <test-method is-config="true" signature="afteclas()[pri:0, instance:test.Day3@42e99e4a]" started-at="2026-07-13T16:08:56 EDT" name="afteclas" finished-at="2026-07-13T16:08:56 EDT" duration-ms="1" status="PASS">
          <reporter-output>
          </reporter-output>
        </test-method> <!-- afteclas -->
      </class> <!-- test.Day3 -->
      <class name="test.Day4">
        <test-method signature="LoginAPIHomeLoan()[pri:0, instance:test.Day4@333291e3]" started-at="2026-07-13T16:08:56 EDT" name="LoginAPIHomeLoan" finished-at="2026-07-13T16:08:56 EDT" duration-ms="1" status="PASS">
          <reporter-output>
          </reporter-output>
        </test-method> <!-- LoginAPIHomeLoan -->
        <test-method signature="WebloginHomeLoan(java.lang.String)[pri:0, instance:test.Day4@333291e3]" started-at="2026-07-13T16:08:56 EDT" name="WebloginHomeLoan" finished-at="2026-07-13T16:08:56 EDT" duration-ms="3" status="PASS">
          <params>
            <param index="0">
              <value>
                <![CDATA[https://example.com]]>
              </value>
            </param>
          </params>
          <reporter-output>
          </reporter-output>
        </test-method> <!-- WebloginHomeLoan -->
      </class> <!-- test.Day4 -->
    </test> <!-- Regression -->
  </suite> <!-- Loan Department -->
</testng-results>
