<?xml version="1.0" encoding="UTF-8"?>
<!-- Generated by org.testng.reporters.JUnitReportReporter -->
<testsuite hostname="Vinu_VJ" failures="0" tests="6" name="test.Day3" time="0.048" errors="0" timestamp="2026-07-13T16:08:56 EDT" skipped="1">
  <testcase classname="test.Day3" name="MobilesignoutcarLoan" time="0.011"/>
  <testcase classname="test.Day3" name="APIcarLoan" time="0.003"/>
  <testcase classname="test.Day3" name="MobilesignoutcarLoan" time="0.009"/>
  <testcase classname="test.Day3" name="WebloginCarLoan" time="0.006"/>
  <testcase classname="test.Day3" name="MobilesignoutcarLoan" time="0.019"/>
  <testcase classname="test.Day3" name="MobilesignimcarLoan">
    <skipped/>
  </testcase> <!-- MobilesignimcarLoan -->
</testsuite> <!-- test.Day3 -->
